2018-10-11 12:13:17,587 DEBUG    root            Loaded Command Group: [u'gcloud', u'init']
2018-10-11 12:13:17,589 DEBUG    root            Running [gcloud.init] with arguments: []
2018-10-11 12:13:17,589 INFO     ___FILE_ONLY___ Welcome! This command will take you through the configuration of gcloud.


2018-10-11 12:13:17,592 INFO     ___FILE_ONLY___ Your current configuration has been set to: [default]


2018-10-11 12:13:17,592 INFO     ___FILE_ONLY___ You can skip diagnostics next time by using the following flag:

2018-10-11 12:13:17,593 INFO     ___FILE_ONLY___   gcloud init --skip-diagnostics


2018-10-11 12:13:17,593 INFO     ___FILE_ONLY___ Network diagnostic detects and fixes local network connection issues.

2018-10-11 12:13:17,594 INFO     ___FILE_ONLY___ Checking network connection...
2018-10-11 12:13:19,595 INFO     ___FILE_ONLY___ Reachability Check passed.

2018-10-11 12:13:19,595 INFO     ___FILE_ONLY___ Network diagnostic (1/1 checks) passed.


2018-10-11 12:13:24,979 DEBUG    root            Loaded Command Group: [u'gcloud', u'auth']
2018-10-11 12:13:25,001 DEBUG    root            Loaded Command Group: [u'gcloud', u'auth', u'login']
2018-10-11 12:13:25,002 INFO     root            Executing: [gcloud auth login --force --brief]
2018-10-11 12:13:25,004 DEBUG    root            Running [gcloud.auth.login] with arguments: [--brief: "True", --force: "True"]
2018-10-11 12:13:25,291 INFO     ___FILE_ONLY___ Your browser has been opened to visit:

    https://accounts.google.com/o/oauth2/auth?redirect_uri=http%3A%2F%2Flocalhost%3A8085%2F&prompt=select_account&response_type=code&client_id=32555940559.apps.googleusercontent.com&scope=https%3A%2F%2Fwww.googleapis.com%2Fauth%2Fuserinfo.email+https%3A%2F%2Fwww.googleapis.com%2Fauth%2Fcloud-platform+https%3A%2F%2Fwww.googleapis.com%2Fauth%2Fappengine.admin+https%3A%2F%2Fwww.googleapis.com%2Fauth%2Fcompute+https%3A%2F%2Fwww.googleapis.com%2Fauth%2Faccounts.reauth&access_type=offline



2018-10-11 12:13:41,218 INFO     oauth2client.client Successfully retrieved access token
2018-10-11 12:13:41,227 INFO     root            Display format: "none"
2018-10-11 12:13:41,231 DEBUG    root            Checking for updates...
2018-10-11 12:13:41,477 DEBUG    root            Updating notification cache...
2018-10-11 12:13:41,479 INFO     ___FILE_ONLY___ You are logged in as: [anthony.then95@gmail.com].


2018-10-11 12:15:24,349 INFO     ___FILE_ONLY___ Your current project has been set to: [my-project-1476763226876].


2018-10-11 12:15:24,485 DEBUG    root            Loaded Command Group: [u'gcloud', u'compute']
2018-10-11 12:15:24,488 DEBUG    root            Loaded Command Group: [u'gcloud', u'compute', u'project_info']
2018-10-11 12:15:24,527 DEBUG    root            Loaded Command Group: [u'gcloud', u'compute', u'project-info', u'describe']
2018-10-11 12:15:24,528 INFO     root            Executing: [gcloud compute project-info describe --quiet]
2018-10-11 12:15:24,531 DEBUG    root            Running [gcloud.compute.project-info.describe] with arguments: [--no-user-output-enabled: "false", --quiet: "True", --verbosity: "none"]
2018-10-11 12:15:25,077 INFO     root            Display disabled.
2018-10-11 12:15:30,085 DEBUG    root            Loaded Command Group: [u'gcloud', u'compute', u'zones']
2018-10-11 12:15:30,088 DEBUG    root            Loaded Command Group: [u'gcloud', u'compute', u'zones', u'list']
2018-10-11 12:15:30,090 INFO     root            Executing: [gcloud compute zones list]
2018-10-11 12:15:30,092 DEBUG    root            Running [gcloud.compute.zones.list] with arguments: [--no-user-output-enabled: "false", --verbosity: "none"]
2018-10-11 12:15:30,102 INFO     root            Display disabled.
2018-10-11 12:18:47,871 INFO     ___FILE_ONLY___ Your project default Compute Engine zone has been set to [us-east1-b].
You can change it by running [gcloud config set compute/zone NAME].


2018-10-11 12:18:47,873 DEBUG    root            Loaded Command Group: [u'gcloud', u'compute', u'regions']
2018-10-11 12:18:47,877 DEBUG    root            Loaded Command Group: [u'gcloud', u'compute', u'regions', u'describe']
2018-10-11 12:18:47,878 INFO     root            Executing: [gcloud compute regions describe https://www.googleapis.com/compute/v1/projects/my-project-1476763226876/regions/us-east1]
2018-10-11 12:18:47,881 DEBUG    root            Running [gcloud.compute.regions.describe] with arguments: [--no-user-output-enabled: "false", --verbosity: "none", NAME: "https://www.googleapis.com/compute/v1/projects/my-project-1476763226876/regions/us-east1"]
2018-10-11 12:18:48,301 INFO     root            Display disabled.
2018-10-11 12:18:48,308 INFO     ___FILE_ONLY___ Your project default Compute Engine region has been set to [us-east1].
You can change it by running [gcloud config set compute/region NAME].


2018-10-11 12:18:48,308 DEBUG    root            Executing command: [u'/Users/anthonythen/google-cloud/google-cloud-sdk/bin/gsutil', u'config', u'-n', u'-o', u'/Users/anthonythen/.boto']
2018-10-11 12:18:50,049 DEBUG    ___FILE_ONLY___ 
2018-10-11 12:18:50,050 DEBUG    ___FILE_ONLY___ This command will create a boto config file at
/Users/anthonythen/.boto containing your credentials, based on your
responses to the following questions.

Boto config file "/Users/anthonythen/.boto" created. If you need to
use a proxy to access the Internet please see the instructions in that
file.

2018-10-11 12:18:50,050 INFO     ___FILE_ONLY___ Created a default .boto configuration file at [/Users/anthonythen/.boto]. See this file and
[https://cloud.google.com/storage/docs/gsutil/commands/config] for more
information about configuring Google Cloud Storage.

2018-10-11 12:18:50,050 INFO     ___FILE_ONLY___ Your Google Cloud SDK is configured and ready to use!


2018-10-11 12:18:50,051 INFO     ___FILE_ONLY___ * Commands that require authentication will use anthony.then95@gmail.com by default

2018-10-11 12:18:50,051 INFO     ___FILE_ONLY___ * Commands will reference project `my-project-1476763226876` by default

2018-10-11 12:18:50,051 INFO     ___FILE_ONLY___ * Compute Engine commands will use region `us-east1` by default

2018-10-11 12:18:50,051 INFO     ___FILE_ONLY___ * Compute Engine commands will use zone `us-east1-b` by default


2018-10-11 12:18:50,052 INFO     ___FILE_ONLY___ Run `gcloud help config` to learn how to change individual settings


2018-10-11 12:18:50,052 INFO     ___FILE_ONLY___ This gcloud configuration is called [default]. You can create additional configurations if you work with multiple accounts and/or projects.

2018-10-11 12:18:50,052 INFO     ___FILE_ONLY___ Run `gcloud topic configurations` to learn more.


2018-10-11 12:18:50,052 INFO     ___FILE_ONLY___ Some things to try next:


2018-10-11 12:18:50,052 INFO     ___FILE_ONLY___ * Run `gcloud --help` to see the Cloud Platform services you can interact with. And run `gcloud help COMMAND` to get help on any gcloud command.

2018-10-11 12:18:50,053 INFO     ___FILE_ONLY___ * Run `gcloud topic -h` to learn about advanced features of the SDK like arg files and output formatting

2018-10-11 12:18:50,054 INFO     root            Display format: "default"
