2018-10-11 12:11:54,130 DEBUG    root            Loaded Command Group: [u'gcloud', u'components']
2018-10-11 12:11:54,134 DEBUG    root            Loaded Command Group: [u'gcloud', u'components', u'list']
2018-10-11 12:11:54,137 DEBUG    root            Running [gcloud.components.list] with arguments: [--quiet: "True"]
2018-10-11 12:11:54,409 INFO     ___FILE_ONLY___ 
Your current Cloud SDK version is: 220.0.0

2018-10-11 12:11:54,410 INFO     ___FILE_ONLY___ The latest available version is: 220.0.0

2018-10-11 12:11:54,411 INFO     ___FILE_ONLY___ 

2018-10-11 12:11:54,412 INFO     root            Display format: "table[box,title="Components"](state.name:label=Status,name:label=Name,id:label=ID,size.size(zero="",min=1048576):label=Size:align=right)"
2018-10-11 12:11:54,420 INFO     ___FILE_ONLY___ ┌─────────────────────────────────────────────────────────────────────────────────────────────────────────────┐
2018-10-11 12:11:54,420 INFO     ___FILE_ONLY___ 

2018-10-11 12:11:54,420 INFO     ___FILE_ONLY___ │                                                  Components                                                 │
2018-10-11 12:11:54,420 INFO     ___FILE_ONLY___ 

2018-10-11 12:11:54,421 INFO     ___FILE_ONLY___ ├───────────────┬──────────────────────────────────────────────────────┬──────────────────────────┬───────────┤
2018-10-11 12:11:54,421 INFO     ___FILE_ONLY___ 

2018-10-11 12:11:54,421 INFO     ___FILE_ONLY___ │     Status    │                         Name                         │            ID            │    Size   │
2018-10-11 12:11:54,421 INFO     ___FILE_ONLY___ 

2018-10-11 12:11:54,421 INFO     ___FILE_ONLY___ ├───────────────┼──────────────────────────────────────────────────────┼──────────────────────────┼───────────┤
2018-10-11 12:11:54,422 INFO     ___FILE_ONLY___ 

2018-10-11 12:11:54,422 INFO     ___FILE_ONLY___ │ 
2018-10-11 12:11:54,422 INFO     ___FILE_ONLY___ Not Installed
2018-10-11 12:11:54,422 INFO     ___FILE_ONLY___  
2018-10-11 12:11:54,422 INFO     ___FILE_ONLY___ │ 
2018-10-11 12:11:54,422 INFO     ___FILE_ONLY___ App Engine Go Extensions                            
2018-10-11 12:11:54,422 INFO     ___FILE_ONLY___  
2018-10-11 12:11:54,423 INFO     ___FILE_ONLY___ │ 
2018-10-11 12:11:54,423 INFO     ___FILE_ONLY___ app-engine-go           
2018-10-11 12:11:54,423 INFO     ___FILE_ONLY___  
2018-10-11 12:11:54,423 INFO     ___FILE_ONLY___ │ 
2018-10-11 12:11:54,423 INFO     ___FILE_ONLY___ 152.8 MiB
2018-10-11 12:11:54,423 INFO     ___FILE_ONLY___  
2018-10-11 12:11:54,423 INFO     ___FILE_ONLY___ │
2018-10-11 12:11:54,423 INFO     ___FILE_ONLY___ 

2018-10-11 12:11:54,424 INFO     ___FILE_ONLY___ │ 
2018-10-11 12:11:54,424 INFO     ___FILE_ONLY___ Not Installed
2018-10-11 12:11:54,424 INFO     ___FILE_ONLY___  
2018-10-11 12:11:54,424 INFO     ___FILE_ONLY___ │ 
2018-10-11 12:11:54,424 INFO     ___FILE_ONLY___ Cloud Bigtable Command Line Tool                    
2018-10-11 12:11:54,424 INFO     ___FILE_ONLY___  
2018-10-11 12:11:54,424 INFO     ___FILE_ONLY___ │ 
2018-10-11 12:11:54,424 INFO     ___FILE_ONLY___ cbt                     
2018-10-11 12:11:54,425 INFO     ___FILE_ONLY___  
2018-10-11 12:11:54,425 INFO     ___FILE_ONLY___ │ 
2018-10-11 12:11:54,425 INFO     ___FILE_ONLY___   6.3 MiB
2018-10-11 12:11:54,425 INFO     ___FILE_ONLY___  
2018-10-11 12:11:54,425 INFO     ___FILE_ONLY___ │
2018-10-11 12:11:54,425 INFO     ___FILE_ONLY___ 

2018-10-11 12:11:54,425 INFO     ___FILE_ONLY___ │ 
2018-10-11 12:11:54,425 INFO     ___FILE_ONLY___ Not Installed
2018-10-11 12:11:54,426 INFO     ___FILE_ONLY___  
2018-10-11 12:11:54,426 INFO     ___FILE_ONLY___ │ 
2018-10-11 12:11:54,426 INFO     ___FILE_ONLY___ Cloud Bigtable Emulator                             
2018-10-11 12:11:54,426 INFO     ___FILE_ONLY___  
2018-10-11 12:11:54,426 INFO     ___FILE_ONLY___ │ 
2018-10-11 12:11:54,426 INFO     ___FILE_ONLY___ bigtable                
2018-10-11 12:11:54,426 INFO     ___FILE_ONLY___  
2018-10-11 12:11:54,426 INFO     ___FILE_ONLY___ │ 
2018-10-11 12:11:54,426 INFO     ___FILE_ONLY___   4.3 MiB
2018-10-11 12:11:54,426 INFO     ___FILE_ONLY___  
2018-10-11 12:11:54,427 INFO     ___FILE_ONLY___ │
2018-10-11 12:11:54,427 INFO     ___FILE_ONLY___ 

2018-10-11 12:11:54,427 INFO     ___FILE_ONLY___ │ 
2018-10-11 12:11:54,427 INFO     ___FILE_ONLY___ Not Installed
2018-10-11 12:11:54,427 INFO     ___FILE_ONLY___  
2018-10-11 12:11:54,427 INFO     ___FILE_ONLY___ │ 
2018-10-11 12:11:54,427 INFO     ___FILE_ONLY___ Cloud Datalab Command Line Tool                     
2018-10-11 12:11:54,427 INFO     ___FILE_ONLY___  
2018-10-11 12:11:54,427 INFO     ___FILE_ONLY___ │ 
2018-10-11 12:11:54,428 INFO     ___FILE_ONLY___ datalab                 
2018-10-11 12:11:54,428 INFO     ___FILE_ONLY___  
2018-10-11 12:11:54,428 INFO     ___FILE_ONLY___ │ 
2018-10-11 12:11:54,428 INFO     ___FILE_ONLY___   < 1 MiB
2018-10-11 12:11:54,428 INFO     ___FILE_ONLY___  
2018-10-11 12:11:54,428 INFO     ___FILE_ONLY___ │
2018-10-11 12:11:54,428 INFO     ___FILE_ONLY___ 

2018-10-11 12:11:54,428 INFO     ___FILE_ONLY___ │ 
2018-10-11 12:11:54,428 INFO     ___FILE_ONLY___ Not Installed
2018-10-11 12:11:54,429 INFO     ___FILE_ONLY___  
2018-10-11 12:11:54,429 INFO     ___FILE_ONLY___ │ 
2018-10-11 12:11:54,429 INFO     ___FILE_ONLY___ Cloud Datastore Emulator                            
2018-10-11 12:11:54,429 INFO     ___FILE_ONLY___  
2018-10-11 12:11:54,429 INFO     ___FILE_ONLY___ │ 
2018-10-11 12:11:54,429 INFO     ___FILE_ONLY___ cloud-datastore-emulator
2018-10-11 12:11:54,429 INFO     ___FILE_ONLY___  
2018-10-11 12:11:54,429 INFO     ___FILE_ONLY___ │ 
2018-10-11 12:11:54,429 INFO     ___FILE_ONLY___  17.7 MiB
2018-10-11 12:11:54,429 INFO     ___FILE_ONLY___  
2018-10-11 12:11:54,430 INFO     ___FILE_ONLY___ │
2018-10-11 12:11:54,430 INFO     ___FILE_ONLY___ 

2018-10-11 12:11:54,430 INFO     ___FILE_ONLY___ │ 
2018-10-11 12:11:54,430 INFO     ___FILE_ONLY___ Not Installed
2018-10-11 12:11:54,430 INFO     ___FILE_ONLY___  
2018-10-11 12:11:54,430 INFO     ___FILE_ONLY___ │ 
2018-10-11 12:11:54,430 INFO     ___FILE_ONLY___ Cloud Datastore Emulator (Legacy)                   
2018-10-11 12:11:54,430 INFO     ___FILE_ONLY___  
2018-10-11 12:11:54,430 INFO     ___FILE_ONLY___ │ 
2018-10-11 12:11:54,431 INFO     ___FILE_ONLY___ gcd-emulator            
2018-10-11 12:11:54,431 INFO     ___FILE_ONLY___  
2018-10-11 12:11:54,431 INFO     ___FILE_ONLY___ │ 
2018-10-11 12:11:54,431 INFO     ___FILE_ONLY___  38.1 MiB
2018-10-11 12:11:54,431 INFO     ___FILE_ONLY___  
2018-10-11 12:11:54,431 INFO     ___FILE_ONLY___ │
2018-10-11 12:11:54,431 INFO     ___FILE_ONLY___ 

2018-10-11 12:11:54,431 INFO     ___FILE_ONLY___ │ 
2018-10-11 12:11:54,431 INFO     ___FILE_ONLY___ Not Installed
2018-10-11 12:11:54,432 INFO     ___FILE_ONLY___  
2018-10-11 12:11:54,432 INFO     ___FILE_ONLY___ │ 
2018-10-11 12:11:54,432 INFO     ___FILE_ONLY___ Cloud Pub/Sub Emulator                              
2018-10-11 12:11:54,432 INFO     ___FILE_ONLY___  
2018-10-11 12:11:54,432 INFO     ___FILE_ONLY___ │ 
2018-10-11 12:11:54,432 INFO     ___FILE_ONLY___ pubsub-emulator         
2018-10-11 12:11:54,432 INFO     ___FILE_ONLY___  
2018-10-11 12:11:54,432 INFO     ___FILE_ONLY___ │ 
2018-10-11 12:11:54,432 INFO     ___FILE_ONLY___  33.4 MiB
2018-10-11 12:11:54,432 INFO     ___FILE_ONLY___  
2018-10-11 12:11:54,432 INFO     ___FILE_ONLY___ │
2018-10-11 12:11:54,433 INFO     ___FILE_ONLY___ 

2018-10-11 12:11:54,433 INFO     ___FILE_ONLY___ │ 
2018-10-11 12:11:54,433 INFO     ___FILE_ONLY___ Not Installed
2018-10-11 12:11:54,433 INFO     ___FILE_ONLY___  
2018-10-11 12:11:54,433 INFO     ___FILE_ONLY___ │ 
2018-10-11 12:11:54,433 INFO     ___FILE_ONLY___ Cloud SQL Proxy                                     
2018-10-11 12:11:54,433 INFO     ___FILE_ONLY___  
2018-10-11 12:11:54,433 INFO     ___FILE_ONLY___ │ 
2018-10-11 12:11:54,433 INFO     ___FILE_ONLY___ cloud_sql_proxy         
2018-10-11 12:11:54,434 INFO     ___FILE_ONLY___  
2018-10-11 12:11:54,434 INFO     ___FILE_ONLY___ │ 
2018-10-11 12:11:54,434 INFO     ___FILE_ONLY___   3.7 MiB
2018-10-11 12:11:54,434 INFO     ___FILE_ONLY___  
2018-10-11 12:11:54,434 INFO     ___FILE_ONLY___ │
2018-10-11 12:11:54,434 INFO     ___FILE_ONLY___ 

2018-10-11 12:11:54,434 INFO     ___FILE_ONLY___ │ 
2018-10-11 12:11:54,434 INFO     ___FILE_ONLY___ Not Installed
2018-10-11 12:11:54,434 INFO     ___FILE_ONLY___  
2018-10-11 12:11:54,435 INFO     ___FILE_ONLY___ │ 
2018-10-11 12:11:54,435 INFO     ___FILE_ONLY___ Emulator Reverse Proxy                              
2018-10-11 12:11:54,435 INFO     ___FILE_ONLY___  
2018-10-11 12:11:54,435 INFO     ___FILE_ONLY___ │ 
2018-10-11 12:11:54,435 INFO     ___FILE_ONLY___ emulator-reverse-proxy  
2018-10-11 12:11:54,435 INFO     ___FILE_ONLY___  
2018-10-11 12:11:54,435 INFO     ___FILE_ONLY___ │ 
2018-10-11 12:11:54,435 INFO     ___FILE_ONLY___  14.5 MiB
2018-10-11 12:11:54,435 INFO     ___FILE_ONLY___  
2018-10-11 12:11:54,435 INFO     ___FILE_ONLY___ │
2018-10-11 12:11:54,435 INFO     ___FILE_ONLY___ 

2018-10-11 12:11:54,436 INFO     ___FILE_ONLY___ │ 
2018-10-11 12:11:54,436 INFO     ___FILE_ONLY___ Not Installed
2018-10-11 12:11:54,436 INFO     ___FILE_ONLY___  
2018-10-11 12:11:54,436 INFO     ___FILE_ONLY___ │ 
2018-10-11 12:11:54,436 INFO     ___FILE_ONLY___ Google Cloud Build Local Builder                    
2018-10-11 12:11:54,436 INFO     ___FILE_ONLY___  
2018-10-11 12:11:54,436 INFO     ___FILE_ONLY___ │ 
2018-10-11 12:11:54,436 INFO     ___FILE_ONLY___ cloud-build-local       
2018-10-11 12:11:54,436 INFO     ___FILE_ONLY___  
2018-10-11 12:11:54,437 INFO     ___FILE_ONLY___ │ 
2018-10-11 12:11:54,437 INFO     ___FILE_ONLY___   4.4 MiB
2018-10-11 12:11:54,437 INFO     ___FILE_ONLY___  
2018-10-11 12:11:54,437 INFO     ___FILE_ONLY___ │
2018-10-11 12:11:54,437 INFO     ___FILE_ONLY___ 

2018-10-11 12:11:54,437 INFO     ___FILE_ONLY___ │ 
2018-10-11 12:11:54,437 INFO     ___FILE_ONLY___ Not Installed
2018-10-11 12:11:54,437 INFO     ___FILE_ONLY___  
2018-10-11 12:11:54,437 INFO     ___FILE_ONLY___ │ 
2018-10-11 12:11:54,438 INFO     ___FILE_ONLY___ Google Container Local Builder                      
2018-10-11 12:11:54,438 INFO     ___FILE_ONLY___  
2018-10-11 12:11:54,438 INFO     ___FILE_ONLY___ │ 
2018-10-11 12:11:54,438 INFO     ___FILE_ONLY___ container-builder-local 
2018-10-11 12:11:54,438 INFO     ___FILE_ONLY___  
2018-10-11 12:11:54,438 INFO     ___FILE_ONLY___ │ 
2018-10-11 12:11:54,438 INFO     ___FILE_ONLY___   4.4 MiB
2018-10-11 12:11:54,438 INFO     ___FILE_ONLY___  
2018-10-11 12:11:54,438 INFO     ___FILE_ONLY___ │
2018-10-11 12:11:54,438 INFO     ___FILE_ONLY___ 

2018-10-11 12:11:54,439 INFO     ___FILE_ONLY___ │ 
2018-10-11 12:11:54,439 INFO     ___FILE_ONLY___ Not Installed
2018-10-11 12:11:54,439 INFO     ___FILE_ONLY___  
2018-10-11 12:11:54,439 INFO     ___FILE_ONLY___ │ 
2018-10-11 12:11:54,439 INFO     ___FILE_ONLY___ Google Container Registry's Docker credential helper
2018-10-11 12:11:54,439 INFO     ___FILE_ONLY___  
2018-10-11 12:11:54,440 INFO     ___FILE_ONLY___ │ 
2018-10-11 12:11:54,440 INFO     ___FILE_ONLY___ docker-credential-gcr   
2018-10-11 12:11:54,440 INFO     ___FILE_ONLY___  
2018-10-11 12:11:54,440 INFO     ___FILE_ONLY___ │ 
2018-10-11 12:11:54,440 INFO     ___FILE_ONLY___   1.8 MiB
2018-10-11 12:11:54,440 INFO     ___FILE_ONLY___  
2018-10-11 12:11:54,440 INFO     ___FILE_ONLY___ │
2018-10-11 12:11:54,440 INFO     ___FILE_ONLY___ 

2018-10-11 12:11:54,440 INFO     ___FILE_ONLY___ │ 
2018-10-11 12:11:54,440 INFO     ___FILE_ONLY___ Not Installed
2018-10-11 12:11:54,441 INFO     ___FILE_ONLY___  
2018-10-11 12:11:54,441 INFO     ___FILE_ONLY___ │ 
2018-10-11 12:11:54,441 INFO     ___FILE_ONLY___ gcloud Alpha Commands                               
2018-10-11 12:11:54,441 INFO     ___FILE_ONLY___  
2018-10-11 12:11:54,441 INFO     ___FILE_ONLY___ │ 
2018-10-11 12:11:54,441 INFO     ___FILE_ONLY___ alpha                   
2018-10-11 12:11:54,441 INFO     ___FILE_ONLY___  
2018-10-11 12:11:54,441 INFO     ___FILE_ONLY___ │ 
2018-10-11 12:11:54,441 INFO     ___FILE_ONLY___   < 1 MiB
2018-10-11 12:11:54,442 INFO     ___FILE_ONLY___  
2018-10-11 12:11:54,442 INFO     ___FILE_ONLY___ │
2018-10-11 12:11:54,442 INFO     ___FILE_ONLY___ 

2018-10-11 12:11:54,442 INFO     ___FILE_ONLY___ │ 
2018-10-11 12:11:54,442 INFO     ___FILE_ONLY___ Not Installed
2018-10-11 12:11:54,442 INFO     ___FILE_ONLY___  
2018-10-11 12:11:54,442 INFO     ___FILE_ONLY___ │ 
2018-10-11 12:11:54,442 INFO     ___FILE_ONLY___ gcloud Beta Commands                                
2018-10-11 12:11:54,442 INFO     ___FILE_ONLY___  
2018-10-11 12:11:54,442 INFO     ___FILE_ONLY___ │ 
2018-10-11 12:11:54,443 INFO     ___FILE_ONLY___ beta                    
2018-10-11 12:11:54,443 INFO     ___FILE_ONLY___  
2018-10-11 12:11:54,443 INFO     ___FILE_ONLY___ │ 
2018-10-11 12:11:54,443 INFO     ___FILE_ONLY___   < 1 MiB
2018-10-11 12:11:54,443 INFO     ___FILE_ONLY___  
2018-10-11 12:11:54,443 INFO     ___FILE_ONLY___ │
2018-10-11 12:11:54,443 INFO     ___FILE_ONLY___ 

2018-10-11 12:11:54,443 INFO     ___FILE_ONLY___ │ 
2018-10-11 12:11:54,443 INFO     ___FILE_ONLY___ Not Installed
2018-10-11 12:11:54,444 INFO     ___FILE_ONLY___  
2018-10-11 12:11:54,444 INFO     ___FILE_ONLY___ │ 
2018-10-11 12:11:54,444 INFO     ___FILE_ONLY___ gcloud app Java Extensions                          
2018-10-11 12:11:54,444 INFO     ___FILE_ONLY___  
2018-10-11 12:11:54,444 INFO     ___FILE_ONLY___ │ 
2018-10-11 12:11:54,444 INFO     ___FILE_ONLY___ app-engine-java         
2018-10-11 12:11:54,444 INFO     ___FILE_ONLY___  
2018-10-11 12:11:54,444 INFO     ___FILE_ONLY___ │ 
2018-10-11 12:11:54,444 INFO     ___FILE_ONLY___ 108.6 MiB
2018-10-11 12:11:54,444 INFO     ___FILE_ONLY___  
2018-10-11 12:11:54,444 INFO     ___FILE_ONLY___ │
2018-10-11 12:11:54,445 INFO     ___FILE_ONLY___ 

2018-10-11 12:11:54,445 INFO     ___FILE_ONLY___ │ 
2018-10-11 12:11:54,445 INFO     ___FILE_ONLY___ Not Installed
2018-10-11 12:11:54,445 INFO     ___FILE_ONLY___  
2018-10-11 12:11:54,445 INFO     ___FILE_ONLY___ │ 
2018-10-11 12:11:54,445 INFO     ___FILE_ONLY___ gcloud app PHP Extensions                           
2018-10-11 12:11:54,445 INFO     ___FILE_ONLY___  
2018-10-11 12:11:54,445 INFO     ___FILE_ONLY___ │ 
2018-10-11 12:11:54,446 INFO     ___FILE_ONLY___ app-engine-php          
2018-10-11 12:11:54,446 INFO     ___FILE_ONLY___  
2018-10-11 12:11:54,446 INFO     ___FILE_ONLY___ │ 
2018-10-11 12:11:54,446 INFO     ___FILE_ONLY___  21.9 MiB
2018-10-11 12:11:54,446 INFO     ___FILE_ONLY___  
2018-10-11 12:11:54,446 INFO     ___FILE_ONLY___ │
2018-10-11 12:11:54,446 INFO     ___FILE_ONLY___ 

2018-10-11 12:11:54,446 INFO     ___FILE_ONLY___ │ 
2018-10-11 12:11:54,446 INFO     ___FILE_ONLY___ Not Installed
2018-10-11 12:11:54,447 INFO     ___FILE_ONLY___  
2018-10-11 12:11:54,447 INFO     ___FILE_ONLY___ │ 
2018-10-11 12:11:54,447 INFO     ___FILE_ONLY___ gcloud app Python Extensions                        
2018-10-11 12:11:54,447 INFO     ___FILE_ONLY___  
2018-10-11 12:11:54,447 INFO     ___FILE_ONLY___ │ 
2018-10-11 12:11:54,447 INFO     ___FILE_ONLY___ app-engine-python       
2018-10-11 12:11:54,447 INFO     ___FILE_ONLY___  
2018-10-11 12:11:54,447 INFO     ___FILE_ONLY___ │ 
2018-10-11 12:11:54,447 INFO     ___FILE_ONLY___   6.2 MiB
2018-10-11 12:11:54,447 INFO     ___FILE_ONLY___  
2018-10-11 12:11:54,447 INFO     ___FILE_ONLY___ │
2018-10-11 12:11:54,448 INFO     ___FILE_ONLY___ 

2018-10-11 12:11:54,448 INFO     ___FILE_ONLY___ │ 
2018-10-11 12:11:54,448 INFO     ___FILE_ONLY___ Not Installed
2018-10-11 12:11:54,448 INFO     ___FILE_ONLY___  
2018-10-11 12:11:54,448 INFO     ___FILE_ONLY___ │ 
2018-10-11 12:11:54,448 INFO     ___FILE_ONLY___ gcloud app Python Extensions (Extra Libraries)      
2018-10-11 12:11:54,448 INFO     ___FILE_ONLY___  
2018-10-11 12:11:54,449 INFO     ___FILE_ONLY___ │ 
2018-10-11 12:11:54,450 INFO     ___FILE_ONLY___ app-engine-python-extras
2018-10-11 12:11:54,450 INFO     ___FILE_ONLY___  
2018-10-11 12:11:54,450 INFO     ___FILE_ONLY___ │ 
2018-10-11 12:11:54,450 INFO     ___FILE_ONLY___  28.5 MiB
2018-10-11 12:11:54,450 INFO     ___FILE_ONLY___  
2018-10-11 12:11:54,450 INFO     ___FILE_ONLY___ │
2018-10-11 12:11:54,450 INFO     ___FILE_ONLY___ 

2018-10-11 12:11:54,451 INFO     ___FILE_ONLY___ │ 
2018-10-11 12:11:54,451 INFO     ___FILE_ONLY___ Not Installed
2018-10-11 12:11:54,451 INFO     ___FILE_ONLY___  
2018-10-11 12:11:54,451 INFO     ___FILE_ONLY___ │ 
2018-10-11 12:11:54,451 INFO     ___FILE_ONLY___ kubectl                                             
2018-10-11 12:11:54,451 INFO     ___FILE_ONLY___  
2018-10-11 12:11:54,451 INFO     ___FILE_ONLY___ │ 
2018-10-11 12:11:54,451 INFO     ___FILE_ONLY___ kubectl                 
2018-10-11 12:11:54,451 INFO     ___FILE_ONLY___  
2018-10-11 12:11:54,452 INFO     ___FILE_ONLY___ │ 
2018-10-11 12:11:54,452 INFO     ___FILE_ONLY___   < 1 MiB
2018-10-11 12:11:54,452 INFO     ___FILE_ONLY___  
2018-10-11 12:11:54,452 INFO     ___FILE_ONLY___ │
2018-10-11 12:11:54,452 INFO     ___FILE_ONLY___ 

2018-10-11 12:11:54,452 INFO     ___FILE_ONLY___ │ 
2018-10-11 12:11:54,452 INFO     ___FILE_ONLY___ Installed    
2018-10-11 12:11:54,452 INFO     ___FILE_ONLY___  
2018-10-11 12:11:54,453 INFO     ___FILE_ONLY___ │ 
2018-10-11 12:11:54,453 INFO     ___FILE_ONLY___ BigQuery Command Line Tool                          
2018-10-11 12:11:54,453 INFO     ___FILE_ONLY___  
2018-10-11 12:11:54,453 INFO     ___FILE_ONLY___ │ 
2018-10-11 12:11:54,453 INFO     ___FILE_ONLY___ bq                      
2018-10-11 12:11:54,453 INFO     ___FILE_ONLY___  
2018-10-11 12:11:54,453 INFO     ___FILE_ONLY___ │ 
2018-10-11 12:11:54,453 INFO     ___FILE_ONLY___   < 1 MiB
2018-10-11 12:11:54,453 INFO     ___FILE_ONLY___  
2018-10-11 12:11:54,453 INFO     ___FILE_ONLY___ │
2018-10-11 12:11:54,454 INFO     ___FILE_ONLY___ 

2018-10-11 12:11:54,454 INFO     ___FILE_ONLY___ │ 
2018-10-11 12:11:54,454 INFO     ___FILE_ONLY___ Installed    
2018-10-11 12:11:54,454 INFO     ___FILE_ONLY___  
2018-10-11 12:11:54,454 INFO     ___FILE_ONLY___ │ 
2018-10-11 12:11:54,454 INFO     ___FILE_ONLY___ Cloud SDK Core Libraries                            
2018-10-11 12:11:54,454 INFO     ___FILE_ONLY___  
2018-10-11 12:11:54,454 INFO     ___FILE_ONLY___ │ 
2018-10-11 12:11:54,454 INFO     ___FILE_ONLY___ core                    
2018-10-11 12:11:54,455 INFO     ___FILE_ONLY___  
2018-10-11 12:11:54,455 INFO     ___FILE_ONLY___ │ 
2018-10-11 12:11:54,455 INFO     ___FILE_ONLY___   8.6 MiB
2018-10-11 12:11:54,455 INFO     ___FILE_ONLY___  
2018-10-11 12:11:54,455 INFO     ___FILE_ONLY___ │
2018-10-11 12:11:54,455 INFO     ___FILE_ONLY___ 

2018-10-11 12:11:54,455 INFO     ___FILE_ONLY___ │ 
2018-10-11 12:11:54,455 INFO     ___FILE_ONLY___ Installed    
2018-10-11 12:11:54,455 INFO     ___FILE_ONLY___  
2018-10-11 12:11:54,455 INFO     ___FILE_ONLY___ │ 
2018-10-11 12:11:54,456 INFO     ___FILE_ONLY___ Cloud Storage Command Line Tool                     
2018-10-11 12:11:54,456 INFO     ___FILE_ONLY___  
2018-10-11 12:11:54,456 INFO     ___FILE_ONLY___ │ 
2018-10-11 12:11:54,456 INFO     ___FILE_ONLY___ gsutil                  
2018-10-11 12:11:54,456 INFO     ___FILE_ONLY___  
2018-10-11 12:11:54,456 INFO     ___FILE_ONLY___ │ 
2018-10-11 12:11:54,456 INFO     ___FILE_ONLY___   3.5 MiB
2018-10-11 12:11:54,456 INFO     ___FILE_ONLY___  
2018-10-11 12:11:54,457 INFO     ___FILE_ONLY___ │
2018-10-11 12:11:54,457 INFO     ___FILE_ONLY___ 

2018-10-11 12:11:54,457 INFO     ___FILE_ONLY___ └───────────────┴──────────────────────────────────────────────────────┴──────────────────────────┴───────────┘
2018-10-11 12:11:54,457 INFO     ___FILE_ONLY___ 

2018-10-11 12:11:54,457 INFO     ___FILE_ONLY___ To install or remove components at your current SDK version [220.0.0], run:
  $ gcloud components install COMPONENT_ID
  $ gcloud components remove COMPONENT_ID

To update your SDK installation to the latest version [220.0.0], run:
  $ gcloud components update


